<?xml version="1.0" encoding="UTF-8"?>
<testng-results ignored="0" total="2" passed="2" failed="0" skipped="0">
  <reporter-output>
  </reporter-output>
  <suite started-at="2022-05-25T23:06:32 CEST" name="Surefire suite" finished-at="2022-05-25T23:06:54 CEST" duration-ms="22100">
    <groups>
    </groups>
    <test started-at="2022-05-25T23:06:32 CEST" name="Surefire test" finished-at="2022-05-25T23:06:54 CEST" duration-ms="22100">
      <class name="RegisterTest">
        <test-method is-config="true" signature="before()[pri:0, instance:RegisterTest@7714e963]" started-at="2022-05-25T23:06:44 CEST" name="before" finished-at="2022-05-25T23:06:53 CEST" duration-ms="9872" status="PASS">
          <reporter-output>
          </reporter-output>
        </test-method> <!-- before -->
        <test-method signature="testRegister()[pri:0, instance:RegisterTest@7714e963]" started-at="2022-05-25T23:06:53 CEST" name="testRegister" finished-at="2022-05-25T23:06:54 CEST" duration-ms="482" status="PASS">
          <reporter-output>
          </reporter-output>
        </test-method> <!-- testRegister -->
        <test-method is-config="true" signature="after()[pri:0, instance:RegisterTest@7714e963]" started-at="2022-05-25T23:06:54 CEST" name="after" finished-at="2022-05-25T23:06:54 CEST" duration-ms="102" status="PASS">
          <reporter-output>
          </reporter-output>
        </test-method> <!-- after -->
      </class> <!-- RegisterTest -->
      <class name="LoginTest">
        <test-method is-config="true" signature="before()[pri:0, instance:LoginTest@5bd03f44]" started-at="2022-05-25T23:06:32 CEST" name="before" finished-at="2022-05-25T23:06:43 CEST" duration-ms="11217" status="PASS">
          <reporter-output>
          </reporter-output>
        </test-method> <!-- before -->
        <test-method signature="method()[pri:0, instance:LoginTest@5bd03f44]" started-at="2022-05-25T23:06:43 CEST" name="method" finished-at="2022-05-25T23:06:43 CEST" duration-ms="293" status="PASS">
          <reporter-output>
          </reporter-output>
        </test-method> <!-- method -->
        <test-method is-config="true" signature="after()[pri:0, instance:LoginTest@5bd03f44]" started-at="2022-05-25T23:06:43 CEST" name="after" finished-at="2022-05-25T23:06:44 CEST" duration-ms="106" status="PASS">
          <reporter-output>
          </reporter-output>
        </test-method> <!-- after -->
      </class> <!-- LoginTest -->
    </test> <!-- Surefire test -->
  </suite> <!-- Surefire suite -->
</testng-results>
