<?xml version="1.0" encoding="UTF-8"?>
<testng-results ignored="0" total="2" passed="2" failed="0" skipped="0">
  <reporter-output>
  </reporter-output>
  <suite started-at="2022-05-24T08:30:24 CEST" name="Surefire suite" finished-at="2022-05-24T08:30:50 CEST" duration-ms="25367">
    <groups>
    </groups>
    <test started-at="2022-05-24T08:30:24 CEST" name="Surefire test" finished-at="2022-05-24T08:30:50 CEST" duration-ms="25367">
      <class name="RegisterTest">
        <test-method is-config="true" signature="before()[pri:0, instance:RegisterTest@72f926e6]" started-at="2022-05-24T08:30:38 CEST" name="before" finished-at="2022-05-24T08:30:49 CEST" duration-ms="11203" status="PASS">
          <reporter-output>
          </reporter-output>
        </test-method> <!-- before -->
        <test-method signature="testRegister()[pri:0, instance:RegisterTest@72f926e6]" started-at="2022-05-24T08:30:49 CEST" name="testRegister" finished-at="2022-05-24T08:30:50 CEST" duration-ms="464" status="PASS">
          <reporter-output>
          </reporter-output>
        </test-method> <!-- testRegister -->
        <test-method is-config="true" signature="after()[pri:0, instance:RegisterTest@72f926e6]" started-at="2022-05-24T08:30:50 CEST" name="after" finished-at="2022-05-24T08:30:50 CEST" duration-ms="96" status="PASS">
          <reporter-output>
          </reporter-output>
        </test-method> <!-- after -->
      </class> <!-- RegisterTest -->
      <class name="LoginTest">
        <test-method is-config="true" signature="before()[pri:0, instance:LoginTest@bef2d72]" started-at="2022-05-24T08:30:24 CEST" name="before" finished-at="2022-05-24T08:30:37 CEST" duration-ms="12972" status="PASS">
          <reporter-output>
          </reporter-output>
        </test-method> <!-- before -->
        <test-method signature="method()[pri:0, instance:LoginTest@bef2d72]" started-at="2022-05-24T08:30:37 CEST" name="method" finished-at="2022-05-24T08:30:38 CEST" duration-ms="418" status="PASS">
          <reporter-output>
          </reporter-output>
        </test-method> <!-- method -->
        <test-method is-config="true" signature="after()[pri:0, instance:LoginTest@bef2d72]" started-at="2022-05-24T08:30:38 CEST" name="after" finished-at="2022-05-24T08:30:38 CEST" duration-ms="171" status="PASS">
          <reporter-output>
          </reporter-output>
        </test-method> <!-- after -->
      </class> <!-- LoginTest -->
    </test> <!-- Surefire test -->
  </suite> <!-- Surefire suite -->
</testng-results>
